02-14-2024 01:07:10PM-m1logger-DEBUG:debug message from m1 module
02-14-2024 01:07:10PM-m1logger-INFO:info message from m1 module
02-14-2024 01:07:10PM-m1logger-WARNING:warning message from m1 module
02-14-2024 01:07:10PM-m1logger-ERROR:error message from m1 module
02-14-2024 01:07:10PM-m1logger-CRITICAL:critical message from m1 module
02-14-2024 01:07:39PM-m1logger-DEBUG:debug message from m1 module
02-14-2024 01:07:39PM-m1logger-INFO:info message from m1 module
02-14-2024 01:07:39PM-m1logger-WARNING:warning message from m1 module
02-14-2024 01:07:39PM-m1logger-ERROR:error message from m1 module
02-14-2024 01:07:39PM-m1logger-CRITICAL:critical message from m1 module
02-14-2024 01:08:34PM-m1logger-DEBUG:debug message from m1 module
02-14-2024 01:08:34PM-m1logger-INFO:info message from m1 module
02-14-2024 01:08:34PM-m1logger-WARNING:warning message from m1 module
02-14-2024 01:08:34PM-m1logger-ERROR:error message from m1 module
02-14-2024 01:08:34PM-m1logger-CRITICAL:critical message from m1 module
02-14-2024 01:10:19PM-m1logger-DEBUG:debug message from m1 module
02-14-2024 01:10:19PM-m1logger-INFO:info message from m1 module
02-14-2024 01:10:19PM-m1logger-WARNING:warning message from m1 module
02-14-2024 01:10:19PM-m1logger-ERROR:error message from m1 module
02-14-2024 01:10:19PM-m1logger-CRITICAL:critical message from m1 module
02-14-2024 01:10:19PM-m2logger-WARNING:warning message from m2 module
02-14-2024 01:10:19PM-m2logger-ERROR:error message from m2 module
02-14-2024 01:10:19PM-m2logger-CRITICAL:critical message from m2 module
02-14-2024 01:10:19PM-m3logger-ERROR:error message from m3 module
02-14-2024 01:10:19PM-m3logger-CRITICAL:critical message from m3 module
